<?xml version="1.0" encoding="utf-8" standalone="no"?>
<!--This file represents the results of running a test suite-->
<test-results name="D:\Projects\TestApplication1\TestApplication1Tests\bin\Debug\TestApplication1Tests.dll" total="1" errors="0" failures="0" not-run="0" inconclusive="0" ignored="0" skipped="0" invalid="0" date="2012-04-03" time="17:35:56">
  <environment nunit-version="2.6.0.12051" clr-version="2.0.50727.5448" os-version="Microsoft Windows NT 6.1.7601 Service Pack 1" platform="Win32NT" cwd="D:\Projects\TestApplication1" machine-name="DELAREM" user="mmadyl" user-domain="SOFTSERVE" />
  <culture-info current-culture="en-US" current-uiculture="en-US" />
  <test-suite type="Assembly" name="D:\Projects\TestApplication1\TestApplication1Tests\bin\Debug\TestApplication1Tests.dll" executed="True" result="Success" success="True" time="0.438" asserts="0">
    <results>
      <test-suite type="Namespace" name="TestApplication1Tests" executed="True" result="Success" success="True" time="0.422" asserts="0">
        <results>
          <test-suite type="TestFixture" name="Class1Test" executed="True" result="Success" success="True" time="0.420" asserts="0">
            <results>
              <test-case name="TestApplication1Tests.Class1Test.ControlTest" executed="True" result="Success" success="True" time="0.406" asserts="1" />
            </results>
          </test-suite>
        </results>
      </test-suite>
    </results>
  </test-suite>
</test-results>